2019-11-15 15:20:08,094 - Velocimacro : allowInline = true : VMs can be defined inline in templates
2019-11-15 15:20:08,094 - Velocimacro : allowInlineToOverride = false : VMs defined inline may NOT replace previous VM definitions
2019-11-15 15:20:08,094 - Velocimacro : allowInlineLocal = false : VMs defined inline will be global in scope if allowed.
2019-11-15 15:20:08,094 - Velocimacro : autoload off : VM system will not automatically reload global library macros
2019-11-15 15:20:08,124 - ResourceManager : found templates/display.vtl with loader org.apache.velocity.runtime.resource.loader.ClasspathResourceLoader
2019-11-15 15:20:08,138 - RHS of #set statement is null. Context will not be modified. templates/display.vtl[line 52, column 5]
2019-11-15 15:20:08,139 - Null reference [template 'templates/display.vtl', line 55, column 25] : $g cannot be resolved.
2019-11-15 15:21:23,029 - Log4JLogChute initialized using file 'velocity.log'
2019-11-15 15:21:23,029 - Initializing Velocity, Calling init()...
2019-11-15 15:21:23,030 - Starting Apache Velocity v1.7 (compiled: 2010-11-19 12:14:37)
2019-11-15 15:21:23,030 - Default Properties File: org/apache/velocity/runtime/defaults/velocity.properties
2019-11-15 15:21:23,030 - Trying to use logger class org.apache.velocity.runtime.log.AvalonLogChute
2019-11-15 15:21:23,030 - Target log system for org.apache.velocity.runtime.log.AvalonLogChute is not available (java.lang.NoClassDefFoundError: org/apache/log/format/Formatter).  Falling back to next log system...
2019-11-15 15:21:23,030 - Trying to use logger class org.apache.velocity.runtime.log.Log4JLogChute
2019-11-15 15:21:23,030 - Using logger class org.apache.velocity.runtime.log.Log4JLogChute
2019-11-15 15:21:23,039 - ResourceLoader instantiated: org.apache.velocity.runtime.resource.loader.ClasspathResourceLoader
2019-11-15 15:21:23,065 - ResourceCache: initialized (class org.apache.velocity.runtime.resource.ResourceCacheImpl) with class java.util.Collections$SynchronizedMap cache map.
2019-11-15 15:21:23,071 - Loaded System Directive: org.apache.velocity.runtime.directive.Stop
2019-11-15 15:21:23,073 - Loaded System Directive: org.apache.velocity.runtime.directive.Define
2019-11-15 15:21:23,075 - Loaded System Directive: org.apache.velocity.runtime.directive.Break
2019-11-15 15:21:23,078 - Loaded System Directive: org.apache.velocity.runtime.directive.Evaluate
2019-11-15 15:21:23,080 - Loaded System Directive: org.apache.velocity.runtime.directive.Literal
2019-11-15 15:21:23,082 - Loaded System Directive: org.apache.velocity.runtime.directive.Macro
2019-11-15 15:21:23,088 - Loaded System Directive: org.apache.velocity.runtime.directive.Parse
2019-11-15 15:21:23,091 - Loaded System Directive: org.apache.velocity.runtime.directive.Include
2019-11-15 15:21:23,096 - Loaded System Directive: org.apache.velocity.runtime.directive.Foreach
2019-11-15 15:21:23,170 - Created '20' parsers.
2019-11-15 15:21:23,176 - Velocimacro : "velocimacro.library" is not set.  Trying default library: VM_global_library.vm
2019-11-15 15:21:23,177 - Could not load resource 'VM_global_library.vm' from ResourceLoader org.apache.velocity.runtime.resource.loader.ClasspathResourceLoader: ClasspathResourceLoader Error: cannot find resource VM_global_library.vm
2019-11-15 15:21:23,177 - Velocimacro : Default library not found.
2019-11-15 15:21:23,177 - Velocimacro : allowInline = true : VMs can be defined inline in templates
2019-11-15 15:21:23,177 - Velocimacro : allowInlineToOverride = false : VMs defined inline may NOT replace previous VM definitions
2019-11-15 15:21:23,177 - Velocimacro : allowInlineLocal = false : VMs defined inline will be global in scope if allowed.
2019-11-15 15:21:23,177 - Velocimacro : autoload off : VM system will not automatically reload global library macros
2019-11-15 15:21:23,195 - ResourceManager : found templates/display.vtl with loader org.apache.velocity.runtime.resource.loader.ClasspathResourceLoader
2019-11-15 15:21:23,202 - RHS of #set statement is null. Context will not be modified. templates/display.vtl[line 52, column 5]
2019-11-15 15:21:23,202 - Null reference [template 'templates/display.vtl', line 55, column 25] : $g cannot be resolved.
2019-11-15 15:22:55,263 - Log4JLogChute initialized using file 'velocity.log'
2019-11-15 15:22:55,264 - Initializing Velocity, Calling init()...
2019-11-15 15:22:55,264 - Starting Apache Velocity v1.7 (compiled: 2010-11-19 12:14:37)
2019-11-15 15:22:55,264 - Default Properties File: org/apache/velocity/runtime/defaults/velocity.properties
2019-11-15 15:22:55,264 - Trying to use logger class org.apache.velocity.runtime.log.AvalonLogChute
2019-11-15 15:22:55,264 - Target log system for org.apache.velocity.runtime.log.AvalonLogChute is not available (java.lang.NoClassDefFoundError: org/apache/log/format/Formatter).  Falling back to next log system...
2019-11-15 15:22:55,264 - Trying to use logger class org.apache.velocity.runtime.log.Log4JLogChute
2019-11-15 15:22:55,264 - Using logger class org.apache.velocity.runtime.log.Log4JLogChute
2019-11-15 15:22:55,268 - ResourceLoader instantiated: org.apache.velocity.runtime.resource.loader.ClasspathResourceLoader
2019-11-15 15:22:55,284 - ResourceCache: initialized (class org.apache.velocity.runtime.resource.ResourceCacheImpl) with class java.util.Collections$SynchronizedMap cache map.
2019-11-15 15:22:55,286 - Loaded System Directive: org.apache.velocity.runtime.directive.Stop
2019-11-15 15:22:55,287 - Loaded System Directive: org.apache.velocity.runtime.directive.Define
2019-11-15 15:22:55,287 - Loaded System Directive: org.apache.velocity.runtime.directive.Break
2019-11-15 15:22:55,289 - Loaded System Directive: org.apache.velocity.runtime.directive.Evaluate
2019-11-15 15:22:55,289 - Loaded System Directive: org.apache.velocity.runtime.directive.Literal
2019-11-15 15:22:55,290 - Loaded System Directive: org.apache.velocity.runtime.directive.Macro
2019-11-15 15:22:55,292 - Loaded System Directive: org.apache.velocity.runtime.directive.Parse
2019-11-15 15:22:55,293 - Loaded System Directive: org.apache.velocity.runtime.directive.Include
2019-11-15 15:22:55,295 - Loaded System Directive: org.apache.velocity.runtime.directive.Foreach
2019-11-15 15:22:55,338 - Created '20' parsers.
2019-11-15 15:22:55,343 - Velocimacro : "velocimacro.library" is not set.  Trying default library: VM_global_library.vm
2019-11-15 15:22:55,343 - Could not load resource 'VM_global_library.vm' from ResourceLoader org.apache.velocity.runtime.resource.loader.ClasspathResourceLoader: ClasspathResourceLoader Error: cannot find resource VM_global_library.vm
2019-11-15 15:22:55,344 - Velocimacro : Default library not found.
2019-11-15 15:22:55,344 - Velocimacro : allowInline = true : VMs can be defined inline in templates
2019-11-15 15:22:55,344 - Velocimacro : allowInlineToOverride = false : VMs defined inline may NOT replace previous VM definitions
2019-11-15 15:22:55,344 - Velocimacro : allowInlineLocal = false : VMs defined inline will be global in scope if allowed.
2019-11-15 15:22:55,344 - Velocimacro : autoload off : VM system will not automatically reload global library macros
2019-11-15 15:22:55,368 - ResourceManager : found templates/display.vtl with loader org.apache.velocity.runtime.resource.loader.ClasspathResourceLoader
2019-11-15 15:22:55,374 - RHS of #set statement is null. Context will not be modified. templates/display.vtl[line 52, column 5]
2019-11-15 15:22:55,375 - Null reference [template 'templates/display.vtl', line 55, column 25] : $g cannot be resolved.
2019-11-15 15:24:14,398 - Log4JLogChute initialized using file 'velocity.log'
2019-11-15 15:24:14,398 - Initializing Velocity, Calling init()...
2019-11-15 15:24:14,398 - Starting Apache Velocity v1.7 (compiled: 2010-11-19 12:14:37)
2019-11-15 15:24:14,399 - Default Properties File: org/apache/velocity/runtime/defaults/velocity.properties
2019-11-15 15:24:14,399 - Trying to use logger class org.apache.velocity.runtime.log.AvalonLogChute
2019-11-15 15:24:14,399 - Target log system for org.apache.velocity.runtime.log.AvalonLogChute is not available (java.lang.NoClassDefFoundError: org/apache/log/format/Formatter).  Falling back to next log system...
2019-11-15 15:24:14,399 - Trying to use logger class org.apache.velocity.runtime.log.Log4JLogChute
2019-11-15 15:24:14,399 - Using logger class org.apache.velocity.runtime.log.Log4JLogChute
2019-11-15 15:24:14,403 - ResourceLoader instantiated: org.apache.velocity.runtime.resource.loader.ClasspathResourceLoader
2019-11-15 15:24:14,420 - ResourceCache: initialized (class org.apache.velocity.runtime.resource.ResourceCacheImpl) with class java.util.Collections$SynchronizedMap cache map.
2019-11-15 15:24:14,423 - Loaded System Directive: org.apache.velocity.runtime.directive.Stop
2019-11-15 15:24:14,425 - Loaded System Directive: org.apache.velocity.runtime.directive.Define
2019-11-15 15:24:14,426 - Loaded System Directive: org.apache.velocity.runtime.directive.Break
2019-11-15 15:24:14,427 - Loaded System Directive: org.apache.velocity.runtime.directive.Evaluate
2019-11-15 15:24:14,428 - Loaded System Directive: org.apache.velocity.runtime.directive.Literal
2019-11-15 15:24:14,429 - Loaded System Directive: org.apache.velocity.runtime.directive.Macro
2019-11-15 15:24:14,431 - Loaded System Directive: org.apache.velocity.runtime.directive.Parse
2019-11-15 15:24:14,433 - Loaded System Directive: org.apache.velocity.runtime.directive.Include
2019-11-15 15:24:14,434 - Loaded System Directive: org.apache.velocity.runtime.directive.Foreach
2019-11-15 15:24:14,481 - Created '20' parsers.
2019-11-15 15:24:14,493 - Velocimacro : "velocimacro.library" is not set.  Trying default library: VM_global_library.vm
2019-11-15 15:24:14,494 - Could not load resource 'VM_global_library.vm' from ResourceLoader org.apache.velocity.runtime.resource.loader.ClasspathResourceLoader: ClasspathResourceLoader Error: cannot find resource VM_global_library.vm
2019-11-15 15:24:14,494 - Velocimacro : Default library not found.
2019-11-15 15:24:14,494 - Velocimacro : allowInline = true : VMs can be defined inline in templates
2019-11-15 15:24:14,494 - Velocimacro : allowInlineToOverride = false : VMs defined inline may NOT replace previous VM definitions
2019-11-15 15:24:14,494 - Velocimacro : allowInlineLocal = false : VMs defined inline will be global in scope if allowed.
2019-11-15 15:24:14,494 - Velocimacro : autoload off : VM system will not automatically reload global library macros
2019-11-15 15:24:14,518 - ResourceManager : found templates/display.vtl with loader org.apache.velocity.runtime.resource.loader.ClasspathResourceLoader
2019-11-15 15:24:14,527 - RHS of #set statement is null. Context will not be modified. templates/display.vtl[line 52, column 5]
2019-11-15 15:24:14,528 - Null reference [template 'templates/display.vtl', line 55, column 25] : $g cannot be resolved.
2019-11-15 15:27:14,358 - Log4JLogChute initialized using file 'velocity.log'
2019-11-15 15:27:14,358 - Initializing Velocity, Calling init()...
2019-11-15 15:27:14,358 - Starting Apache Velocity v1.7 (compiled: 2010-11-19 12:14:37)
2019-11-15 15:27:14,358 - Default Properties File: org/apache/velocity/runtime/defaults/velocity.properties
2019-11-15 15:27:14,358 - Trying to use logger class org.apache.velocity.runtime.log.AvalonLogChute
2019-11-15 15:27:14,358 - Target log system for org.apache.velocity.runtime.log.AvalonLogChute is not available (java.lang.NoClassDefFoundError: org/apache/log/format/Formatter).  Falling back to next log system...
2019-11-15 15:27:14,358 - Trying to use logger class org.apache.velocity.runtime.log.Log4JLogChute
2019-11-15 15:27:14,358 - Using logger class org.apache.velocity.runtime.log.Log4JLogChute
2019-11-15 15:27:14,368 - ResourceLoader instantiated: org.apache.velocity.runtime.resource.loader.ClasspathResourceLoader
2019-11-15 15:27:14,402 - ResourceCache: initialized (class org.apache.velocity.runtime.resource.ResourceCacheImpl) with class java.util.Collections$SynchronizedMap cache map.
2019-11-15 15:27:14,410 - Loaded System Directive: org.apache.velocity.runtime.directive.Stop
2019-11-15 15:27:14,425 - Loaded System Directive: org.apache.velocity.runtime.directive.Define
2019-11-15 15:27:14,427 - Loaded System Directive: org.apache.velocity.runtime.directive.Break
2019-11-15 15:27:14,431 - Loaded System Directive: org.apache.velocity.runtime.directive.Evaluate
2019-11-15 15:27:14,433 - Loaded System Directive: org.apache.velocity.runtime.directive.Literal
2019-11-15 15:27:14,434 - Loaded System Directive: org.apache.velocity.runtime.directive.Macro
2019-11-15 15:27:14,437 - Loaded System Directive: org.apache.velocity.runtime.directive.Parse
2019-11-15 15:27:14,443 - Loaded System Directive: org.apache.velocity.runtime.directive.Include
2019-11-15 15:27:14,450 - Loaded System Directive: org.apache.velocity.runtime.directive.Foreach
2019-11-15 15:27:14,502 - Created '20' parsers.
2019-11-15 15:27:14,507 - Velocimacro : "velocimacro.library" is not set.  Trying default library: VM_global_library.vm
2019-11-15 15:27:14,507 - Could not load resource 'VM_global_library.vm' from ResourceLoader org.apache.velocity.runtime.resource.loader.ClasspathResourceLoader: ClasspathResourceLoader Error: cannot find resource VM_global_library.vm
2019-11-15 15:27:14,507 - Velocimacro : Default library not found.
2019-11-15 15:27:14,507 - Velocimacro : allowInline = true : VMs can be defined inline in templates
2019-11-15 15:27:14,508 - Velocimacro : allowInlineToOverride = false : VMs defined inline may NOT replace previous VM definitions
2019-11-15 15:27:14,508 - Velocimacro : allowInlineLocal = false : VMs defined inline will be global in scope if allowed.
2019-11-15 15:27:14,508 - Velocimacro : autoload off : VM system will not automatically reload global library macros
2019-11-15 15:27:14,529 - ResourceManager : found templates/display.vtl with loader org.apache.velocity.runtime.resource.loader.ClasspathResourceLoader
2019-11-15 15:27:14,534 - RHS of #set statement is null. Context will not be modified. templates/display.vtl[line 52, column 5]
2019-11-15 15:27:14,535 - Null reference [template 'templates/display.vtl', line 55, column 25] : $g cannot be resolved.
2019-11-15 15:30:47,780 - Log4JLogChute initialized using file 'velocity.log'
2019-11-15 15:30:47,781 - Initializing Velocity, Calling init()...
2019-11-15 15:30:47,781 - Starting Apache Velocity v1.7 (compiled: 2010-11-19 12:14:37)
2019-11-15 15:30:47,781 - Default Properties File: org/apache/velocity/runtime/defaults/velocity.properties
2019-11-15 15:30:47,781 - Trying to use logger class org.apache.velocity.runtime.log.AvalonLogChute
2019-11-15 15:30:47,781 - Target log system for org.apache.velocity.runtime.log.AvalonLogChute is not available (java.lang.NoClassDefFoundError: org/apache/log/format/Formatter).  Falling back to next log system...
2019-11-15 15:30:47,781 - Trying to use logger class org.apache.velocity.runtime.log.Log4JLogChute
2019-11-15 15:30:47,781 - Using logger class org.apache.velocity.runtime.log.Log4JLogChute
2019-11-15 15:30:47,806 - ResourceLoader instantiated: org.apache.velocity.runtime.resource.loader.ClasspathResourceLoader
2019-11-15 15:30:47,859 - ResourceCache: initialized (class org.apache.velocity.runtime.resource.ResourceCacheImpl) with class java.util.Collections$SynchronizedMap cache map.
2019-11-15 15:30:47,882 - Loaded System Directive: org.apache.velocity.runtime.directive.Stop
2019-11-15 15:30:47,902 - Loaded System Directive: org.apache.velocity.runtime.directive.Define
2019-11-15 15:30:47,906 - Loaded System Directive: org.apache.velocity.runtime.directive.Break
2019-11-15 15:30:47,913 - Loaded System Directive: org.apache.velocity.runtime.directive.Evaluate
2019-11-15 15:30:47,916 - Loaded System Directive: org.apache.velocity.runtime.directive.Literal
2019-11-15 15:30:47,917 - Loaded System Directive: org.apache.velocity.runtime.directive.Macro
2019-11-15 15:30:47,920 - Loaded System Directive: org.apache.velocity.runtime.directive.Parse
2019-11-15 15:30:47,922 - Loaded System Directive: org.apache.velocity.runtime.directive.Include
2019-11-15 15:30:47,925 - Loaded System Directive: org.apache.velocity.runtime.directive.Foreach
2019-11-15 15:30:48,096 - Created '20' parsers.
2019-11-15 15:30:48,105 - Velocimacro : "velocimacro.library" is not set.  Trying default library: VM_global_library.vm
2019-11-15 15:30:48,107 - Could not load resource 'VM_global_library.vm' from ResourceLoader org.apache.velocity.runtime.resource.loader.ClasspathResourceLoader: ClasspathResourceLoader Error: cannot find resource VM_global_library.vm
2019-11-15 15:30:48,107 - Velocimacro : Default library not found.
2019-11-15 15:30:48,107 - Velocimacro : allowInline = true : VMs can be defined inline in templates
2019-11-15 15:30:48,107 - Velocimacro : allowInlineToOverride = false : VMs defined inline may NOT replace previous VM definitions
2019-11-15 15:30:48,107 - Velocimacro : allowInlineLocal = false : VMs defined inline will be global in scope if allowed.
2019-11-15 15:30:48,107 - Velocimacro : autoload off : VM system will not automatically reload global library macros
2019-11-15 15:30:48,128 - ResourceManager : found templates/display.vtl with loader org.apache.velocity.runtime.resource.loader.ClasspathResourceLoader
2019-11-15 15:30:48,133 - RHS of #set statement is null. Context will not be modified. templates/display.vtl[line 52, column 5]
2019-11-15 15:30:48,134 - Null reference [template 'templates/display.vtl', line 55, column 25] : $g cannot be resolved.
2019-11-15 15:32:27,729 - Log4JLogChute initialized using file 'velocity.log'
2019-11-15 15:32:27,729 - Initializing Velocity, Calling init()...
2019-11-15 15:32:27,729 - Starting Apache Velocity v1.7 (compiled: 2010-11-19 12:14:37)
2019-11-15 15:32:27,730 - Default Properties File: org/apache/velocity/runtime/defaults/velocity.properties
2019-11-15 15:32:27,730 - Trying to use logger class org.apache.velocity.runtime.log.AvalonLogChute
2019-11-15 15:32:27,730 - Target log system for org.apache.velocity.runtime.log.AvalonLogChute is not available (java.lang.NoClassDefFoundError: org/apache/log/format/Formatter).  Falling back to next log system...
2019-11-15 15:32:27,730 - Trying to use logger class org.apache.velocity.runtime.log.Log4JLogChute
2019-11-15 15:32:27,730 - Using logger class org.apache.velocity.runtime.log.Log4JLogChute
2019-11-15 15:32:27,736 - ResourceLoader instantiated: org.apache.velocity.runtime.resource.loader.ClasspathResourceLoader
2019-11-15 15:32:27,766 - ResourceCache: initialized (class org.apache.velocity.runtime.resource.ResourceCacheImpl) with class java.util.Collections$SynchronizedMap cache map.
2019-11-15 15:32:27,769 - Loaded System Directive: org.apache.velocity.runtime.directive.Stop
2019-11-15 15:32:27,772 - Loaded System Directive: org.apache.velocity.runtime.directive.Define
2019-11-15 15:32:27,773 - Loaded System Directive: org.apache.velocity.runtime.directive.Break
2019-11-15 15:32:27,775 - Loaded System Directive: org.apache.velocity.runtime.directive.Evaluate
2019-11-15 15:32:27,778 - Loaded System Directive: org.apache.velocity.runtime.directive.Literal
2019-11-15 15:32:27,780 - Loaded System Directive: org.apache.velocity.runtime.directive.Macro
2019-11-15 15:32:27,783 - Loaded System Directive: org.apache.velocity.runtime.directive.Parse
2019-11-15 15:32:27,789 - Loaded System Directive: org.apache.velocity.runtime.directive.Include
2019-11-15 15:32:27,795 - Loaded System Directive: org.apache.velocity.runtime.directive.Foreach
2019-11-15 15:32:27,867 - Created '20' parsers.
2019-11-15 15:32:27,872 - Velocimacro : "velocimacro.library" is not set.  Trying default library: VM_global_library.vm
2019-11-15 15:32:27,872 - Could not load resource 'VM_global_library.vm' from ResourceLoader org.apache.velocity.runtime.resource.loader.ClasspathResourceLoader: ClasspathResourceLoader Error: cannot find resource VM_global_library.vm
2019-11-15 15:32:27,872 - Velocimacro : Default library not found.
2019-11-15 15:32:27,872 - Velocimacro : allowInline = true : VMs can be defined inline in templates
2019-11-15 15:32:27,872 - Velocimacro : allowInlineToOverride = false : VMs defined inline may NOT replace previous VM definitions
2019-11-15 15:32:27,872 - Velocimacro : allowInlineLocal = false : VMs defined inline will be global in scope if allowed.
2019-11-15 15:32:27,873 - Velocimacro : autoload off : VM system will not automatically reload global library macros
2019-11-15 15:32:27,901 - ResourceManager : found templates/display.vtl with loader org.apache.velocity.runtime.resource.loader.ClasspathResourceLoader
2019-11-15 15:32:27,907 - RHS of #set statement is null. Context will not be modified. templates/display.vtl[line 52, column 5]
2019-11-15 15:32:27,907 - Null reference [template 'templates/display.vtl', line 55, column 25] : $g cannot be resolved.
2019-11-15 15:33:28,013 - Log4JLogChute initialized using file 'velocity.log'
2019-11-15 15:33:28,014 - Initializing Velocity, Calling init()...
2019-11-15 15:33:28,014 - Starting Apache Velocity v1.7 (compiled: 2010-11-19 12:14:37)
2019-11-15 15:33:28,014 - Default Properties File: org/apache/velocity/runtime/defaults/velocity.properties
2019-11-15 15:33:28,014 - Trying to use logger class org.apache.velocity.runtime.log.AvalonLogChute
2019-11-15 15:33:28,014 - Target log system for org.apache.velocity.runtime.log.AvalonLogChute is not available (java.lang.NoClassDefFoundError: org/apache/log/format/Formatter).  Falling back to next log system...
2019-11-15 15:33:28,014 - Trying to use logger class org.apache.velocity.runtime.log.Log4JLogChute
2019-11-15 15:33:28,014 - Using logger class org.apache.velocity.runtime.log.Log4JLogChute
2019-11-15 15:33:28,027 - ResourceLoader instantiated: org.apache.velocity.runtime.resource.loader.ClasspathResourceLoader
2019-11-15 15:33:28,063 - ResourceCache: initialized (class org.apache.velocity.runtime.resource.ResourceCacheImpl) with class java.util.Collections$SynchronizedMap cache map.
2019-11-15 15:33:28,070 - Loaded System Directive: org.apache.velocity.runtime.directive.Stop
2019-11-15 15:33:28,074 - Loaded System Directive: org.apache.velocity.runtime.directive.Define
2019-11-15 15:33:28,076 - Loaded System Directive: org.apache.velocity.runtime.directive.Break
2019-11-15 15:33:28,078 - Loaded System Directive: org.apache.velocity.runtime.directive.Evaluate
2019-11-15 15:33:28,080 - Loaded System Directive: org.apache.velocity.runtime.directive.Literal
2019-11-15 15:33:28,082 - Loaded System Directive: org.apache.velocity.runtime.directive.Macro
2019-11-15 15:33:28,085 - Loaded System Directive: org.apache.velocity.runtime.directive.Parse
2019-11-15 15:33:28,088 - Loaded System Directive: org.apache.velocity.runtime.directive.Include
2019-11-15 15:33:28,090 - Loaded System Directive: org.apache.velocity.runtime.directive.Foreach
2019-11-15 15:33:28,137 - Created '20' parsers.
2019-11-15 15:33:28,141 - Velocimacro : "velocimacro.library" is not set.  Trying default library: VM_global_library.vm
2019-11-15 15:33:28,142 - Could not load resource 'VM_global_library.vm' from ResourceLoader org.apache.velocity.runtime.resource.loader.ClasspathResourceLoader: ClasspathResourceLoader Error: cannot find resource VM_global_library.vm
2019-11-15 15:33:28,142 - Velocimacro : Default library not found.
2019-11-15 15:33:28,142 - Velocimacro : allowInline = true : VMs can be defined inline in templates
2019-11-15 15:33:28,142 - Velocimacro : allowInlineToOverride = false : VMs defined inline may NOT replace previous VM definitions
2019-11-15 15:33:28,143 - Velocimacro : allowInlineLocal = false : VMs defined inline will be global in scope if allowed.
2019-11-15 15:33:28,143 - Velocimacro : autoload off : VM system will not automatically reload global library macros
2019-11-15 15:33:28,159 - ResourceManager : found templates/display.vtl with loader org.apache.velocity.runtime.resource.loader.ClasspathResourceLoader
2019-11-15 15:33:28,164 - RHS of #set statement is null. Context will not be modified. templates/display.vtl[line 52, column 5]
2019-11-15 15:33:28,165 - Null reference [template 'templates/display.vtl', line 55, column 25] : $g cannot be resolved.
2019-11-15 15:34:14,989 - Log4JLogChute initialized using file 'velocity.log'
2019-11-15 15:34:14,990 - Initializing Velocity, Calling init()...
2019-11-15 15:34:14,990 - Starting Apache Velocity v1.7 (compiled: 2010-11-19 12:14:37)
2019-11-15 15:34:14,990 - Default Properties File: org/apache/velocity/runtime/defaults/velocity.properties
2019-11-15 15:34:14,990 - Trying to use logger class org.apache.velocity.runtime.log.AvalonLogChute
2019-11-15 15:34:14,990 - Target log system for org.apache.velocity.runtime.log.AvalonLogChute is not available (java.lang.NoClassDefFoundError: org/apache/log/format/Formatter).  Falling back to next log system...
2019-11-15 15:34:14,990 - Trying to use logger class org.apache.velocity.runtime.log.Log4JLogChute
2019-11-15 15:34:14,990 - Using logger class org.apache.velocity.runtime.log.Log4JLogChute
2019-11-15 15:34:14,996 - ResourceLoader instantiated: org.apache.velocity.runtime.resource.loader.ClasspathResourceLoader
2019-11-15 15:34:15,016 - ResourceCache: initialized (class org.apache.velocity.runtime.resource.ResourceCacheImpl) with class java.util.Collections$SynchronizedMap cache map.
2019-11-15 15:34:15,019 - Loaded System Directive: org.apache.velocity.runtime.directive.Stop
2019-11-15 15:34:15,021 - Loaded System Directive: org.apache.velocity.runtime.directive.Define
2019-11-15 15:34:15,022 - Loaded System Directive: org.apache.velocity.runtime.directive.Break
2019-11-15 15:34:15,023 - Loaded System Directive: org.apache.velocity.runtime.directive.Evaluate
2019-11-15 15:34:15,024 - Loaded System Directive: org.apache.velocity.runtime.directive.Literal
2019-11-15 15:34:15,025 - Loaded System Directive: org.apache.velocity.runtime.directive.Macro
2019-11-15 15:34:15,027 - Loaded System Directive: org.apache.velocity.runtime.directive.Parse
2019-11-15 15:34:15,029 - Loaded System Directive: org.apache.velocity.runtime.directive.Include
2019-11-15 15:34:15,030 - Loaded System Directive: org.apache.velocity.runtime.directive.Foreach
2019-11-15 15:34:15,073 - Created '20' parsers.
2019-11-15 15:34:15,082 - Velocimacro : "velocimacro.library" is not set.  Trying default library: VM_global_library.vm
2019-11-15 15:34:15,083 - Could not load resource 'VM_global_library.vm' from ResourceLoader org.apache.velocity.runtime.resource.loader.ClasspathResourceLoader: ClasspathResourceLoader Error: cannot find resource VM_global_library.vm
2019-11-15 15:34:15,083 - Velocimacro : Default library not found.
2019-11-15 15:34:15,083 - Velocimacro : allowInline = true : VMs can be defined inline in templates
2019-11-15 15:34:15,083 - Velocimacro : allowInlineToOverride = false : VMs defined inline may NOT replace previous VM definitions
2019-11-15 15:34:15,083 - Velocimacro : allowInlineLocal = false : VMs defined inline will be global in scope if allowed.
2019-11-15 15:34:15,083 - Velocimacro : autoload off : VM system will not automatically reload global library macros
2019-11-15 15:34:15,106 - ResourceManager : found templates/display.vtl with loader org.apache.velocity.runtime.resource.loader.ClasspathResourceLoader
2019-11-15 15:34:15,112 - RHS of #set statement is null. Context will not be modified. templates/display.vtl[line 52, column 5]
2019-11-15 15:34:15,113 - Null reference [template 'templates/display.vtl', line 55, column 25] : $g cannot be resolved.
2019-11-15 15:36:03,748 - Log4JLogChute initialized using file 'velocity.log'
2019-11-15 15:36:03,748 - Initializing Velocity, Calling init()...
2019-11-15 15:36:03,748 - Starting Apache Velocity v1.7 (compiled: 2010-11-19 12:14:37)
2019-11-15 15:36:03,748 - Default Properties File: org/apache/velocity/runtime/defaults/velocity.properties
2019-11-15 15:36:03,749 - Trying to use logger class org.apache.velocity.runtime.log.AvalonLogChute
2019-11-15 15:36:03,749 - Target log system for org.apache.velocity.runtime.log.AvalonLogChute is not available (java.lang.NoClassDefFoundError: org/apache/log/format/Formatter).  Falling back to next log system...
2019-11-15 15:36:03,749 - Trying to use logger class org.apache.velocity.runtime.log.Log4JLogChute
2019-11-15 15:36:03,749 - Using logger class org.apache.velocity.runtime.log.Log4JLogChute
2019-11-15 15:36:03,762 - ResourceLoader instantiated: org.apache.velocity.runtime.resource.loader.ClasspathResourceLoader
2019-11-15 15:36:03,786 - ResourceCache: initialized (class org.apache.velocity.runtime.resource.ResourceCacheImpl) with class java.util.Collections$SynchronizedMap cache map.
2019-11-15 15:36:03,789 - Loaded System Directive: org.apache.velocity.runtime.directive.Stop
2019-11-15 15:36:03,790 - Loaded System Directive: org.apache.velocity.runtime.directive.Define
2019-11-15 15:36:03,791 - Loaded System Directive: org.apache.velocity.runtime.directive.Break
2019-11-15 15:36:03,792 - Loaded System Directive: org.apache.velocity.runtime.directive.Evaluate
2019-11-15 15:36:03,793 - Loaded System Directive: org.apache.velocity.runtime.directive.Literal
2019-11-15 15:36:03,795 - Loaded System Directive: org.apache.velocity.runtime.directive.Macro
2019-11-15 15:36:03,796 - Loaded System Directive: org.apache.velocity.runtime.directive.Parse
2019-11-15 15:36:03,798 - Loaded System Directive: org.apache.velocity.runtime.directive.Include
2019-11-15 15:36:03,799 - Loaded System Directive: org.apache.velocity.runtime.directive.Foreach
2019-11-15 15:36:03,842 - Created '20' parsers.
2019-11-15 15:36:03,848 - Velocimacro : "velocimacro.library" is not set.  Trying default library: VM_global_library.vm
2019-11-15 15:36:03,849 - Could not load resource 'VM_global_library.vm' from ResourceLoader org.apache.velocity.runtime.resource.loader.ClasspathResourceLoader: ClasspathResourceLoader Error: cannot find resource VM_global_library.vm
2019-11-15 15:36:03,849 - Velocimacro : Default library not found.
2019-11-15 15:36:03,849 - Velocimacro : allowInline = true : VMs can be defined inline in templates
2019-11-15 15:36:03,849 - Velocimacro : allowInlineToOverride = false : VMs defined inline may NOT replace previous VM definitions
2019-11-15 15:36:03,849 - Velocimacro : allowInlineLocal = false : VMs defined inline will be global in scope if allowed.
2019-11-15 15:36:03,849 - Velocimacro : autoload off : VM system will not automatically reload global library macros
2019-11-15 15:36:03,868 - ResourceManager : found templates/display.vtl with loader org.apache.velocity.runtime.resource.loader.ClasspathResourceLoader
2019-11-15 15:36:03,873 - RHS of #set statement is null. Context will not be modified. templates/display.vtl[line 52, column 5]
2019-11-15 15:36:03,873 - Null reference [template 'templates/display.vtl', line 55, column 25] : $g cannot be resolved.
2019-11-15 15:38:51,380 - Log4JLogChute initialized using file 'velocity.log'
2019-11-15 15:38:51,380 - Initializing Velocity, Calling init()...
2019-11-15 15:38:51,380 - Starting Apache Velocity v1.7 (compiled: 2010-11-19 12:14:37)
2019-11-15 15:38:51,381 - Default Properties File: org/apache/velocity/runtime/defaults/velocity.properties
2019-11-15 15:38:51,381 - Trying to use logger class org.apache.velocity.runtime.log.AvalonLogChute
2019-11-15 15:38:51,381 - Target log system for org.apache.velocity.runtime.log.AvalonLogChute is not available (java.lang.NoClassDefFoundError: org/apache/log/format/Formatter).  Falling back to next log system...
2019-11-15 15:38:51,381 - Trying to use logger class org.apache.velocity.runtime.log.Log4JLogChute
2019-11-15 15:38:51,381 - Using logger class org.apache.velocity.runtime.log.Log4JLogChute
2019-11-15 15:38:51,386 - ResourceLoader instantiated: org.apache.velocity.runtime.resource.loader.ClasspathResourceLoader
2019-11-15 15:38:51,407 - ResourceCache: initialized (class org.apache.velocity.runtime.resource.ResourceCacheImpl) with class java.util.Collections$SynchronizedMap cache map.
2019-11-15 15:38:51,410 - Loaded System Directive: org.apache.velocity.runtime.directive.Stop
2019-11-15 15:38:51,411 - Loaded System Directive: org.apache.velocity.runtime.directive.Define
2019-11-15 15:38:51,412 - Loaded System Directive: org.apache.velocity.runtime.directive.Break
2019-11-15 15:38:51,413 - Loaded System Directive: org.apache.velocity.runtime.directive.Evaluate
2019-11-15 15:38:51,414 - Loaded System Directive: org.apache.velocity.runtime.directive.Literal
2019-11-15 15:38:51,415 - Loaded System Directive: org.apache.velocity.runtime.directive.Macro
2019-11-15 15:38:51,418 - Loaded System Directive: org.apache.velocity.runtime.directive.Parse
2019-11-15 15:38:51,420 - Loaded System Directive: org.apache.velocity.runtime.directive.Include
2019-11-15 15:38:51,421 - Loaded System Directive: org.apache.velocity.runtime.directive.Foreach
2019-11-15 15:38:51,465 - Created '20' parsers.
2019-11-15 15:38:51,472 - Velocimacro : "velocimacro.library" is not set.  Trying default library: VM_global_library.vm
2019-11-15 15:38:51,472 - Could not load resource 'VM_global_library.vm' from ResourceLoader org.apache.velocity.runtime.resource.loader.ClasspathResourceLoader: ClasspathResourceLoader Error: cannot find resource VM_global_library.vm
2019-11-15 15:38:51,472 - Velocimacro : Default library not found.
2019-11-15 15:38:51,472 - Velocimacro : allowInline = true : VMs can be defined inline in templates
2019-11-15 15:38:51,472 - Velocimacro : allowInlineToOverride = false : VMs defined inline may NOT replace previous VM definitions
2019-11-15 15:38:51,472 - Velocimacro : allowInlineLocal = false : VMs defined inline will be global in scope if allowed.
2019-11-15 15:38:51,472 - Velocimacro : autoload off : VM system will not automatically reload global library macros
2019-11-15 15:38:51,496 - ResourceManager : found templates/display.vtl with loader org.apache.velocity.runtime.resource.loader.ClasspathResourceLoader
2019-11-15 15:38:51,502 - RHS of #set statement is null. Context will not be modified. templates/display.vtl[line 52, column 5]
2019-11-15 15:38:51,503 - Null reference [template 'templates/display.vtl', line 55, column 25] : $g cannot be resolved.
2019-11-15 15:52:43,929 - Log4JLogChute initialized using file 'velocity.log'
2019-11-15 15:52:43,930 - Initializing Velocity, Calling init()...
2019-11-15 15:52:43,931 - Starting Apache Velocity v1.7 (compiled: 2010-11-19 12:14:37)
2019-11-15 15:52:43,931 - Default Properties File: org/apache/velocity/runtime/defaults/velocity.properties
2019-11-15 15:52:43,931 - Trying to use logger class org.apache.velocity.runtime.log.AvalonLogChute
2019-11-15 15:52:43,931 - Target log system for org.apache.velocity.runtime.log.AvalonLogChute is not available (java.lang.NoClassDefFoundError: org/apache/log/format/Formatter).  Falling back to next log system...
2019-11-15 15:52:43,931 - Trying to use logger class org.apache.velocity.runtime.log.Log4JLogChute
2019-11-15 15:52:43,931 - Using logger class org.apache.velocity.runtime.log.Log4JLogChute
2019-11-15 15:52:43,940 - ResourceLoader instantiated: org.apache.velocity.runtime.resource.loader.ClasspathResourceLoader
2019-11-15 15:52:43,978 - ResourceCache: initialized (class org.apache.velocity.runtime.resource.ResourceCacheImpl) with class java.util.Collections$SynchronizedMap cache map.
2019-11-15 15:52:43,984 - Loaded System Directive: org.apache.velocity.runtime.directive.Stop
2019-11-15 15:52:43,989 - Loaded System Directive: org.apache.velocity.runtime.directive.Define
2019-11-15 15:52:43,991 - Loaded System Directive: org.apache.velocity.runtime.directive.Break
2019-11-15 15:52:43,996 - Loaded System Directive: org.apache.velocity.runtime.directive.Evaluate
2019-11-15 15:52:43,997 - Loaded System Directive: org.apache.velocity.runtime.directive.Literal
2019-11-15 15:52:44,000 - Loaded System Directive: org.apache.velocity.runtime.directive.Macro
2019-11-15 15:52:44,003 - Loaded System Directive: org.apache.velocity.runtime.directive.Parse
2019-11-15 15:52:44,006 - Loaded System Directive: org.apache.velocity.runtime.directive.Include
2019-11-15 15:52:44,008 - Loaded System Directive: org.apache.velocity.runtime.directive.Foreach
2019-11-15 15:52:44,050 - Created '20' parsers.
2019-11-15 15:52:44,054 - Velocimacro : "velocimacro.library" is not set.  Trying default library: VM_global_library.vm
2019-11-15 15:52:44,055 - Could not load resource 'VM_global_library.vm' from ResourceLoader org.apache.velocity.runtime.resource.loader.ClasspathResourceLoader: ClasspathResourceLoader Error: cannot find resource VM_global_library.vm
2019-11-15 15:52:44,055 - Velocimacro : Default library not found.
2019-11-15 15:52:44,055 - Velocimacro : allowInline = true : VMs can be defined inline in templates
2019-11-15 15:52:44,055 - Velocimacro : allowInlineToOverride = false : VMs defined inline may NOT replace previous VM definitions
2019-11-15 15:52:44,055 - Velocimacro : allowInlineLocal = false : VMs defined inline will be global in scope if allowed.
2019-11-15 15:52:44,055 - Velocimacro : autoload off : VM system will not automatically reload global library macros
2019-11-15 15:52:44,081 - ResourceManager : found templates/display.vtl with loader org.apache.velocity.runtime.resource.loader.ClasspathResourceLoader
2019-11-15 15:52:44,098 - RHS of #set statement is null. Context will not be modified. templates/display.vtl[line 52, column 5]
2019-11-15 15:52:44,100 - Null reference [template 'templates/display.vtl', line 55, column 25] : $g cannot be resolved.
2019-11-15 15:53:56,165 - Log4JLogChute initialized using file 'velocity.log'
2019-11-15 15:53:56,166 - Initializing Velocity, Calling init()...
2019-11-15 15:53:56,166 - Starting Apache Velocity v1.7 (compiled: 2010-11-19 12:14:37)
2019-11-15 15:53:56,166 - Default Properties File: org/apache/velocity/runtime/defaults/velocity.properties
2019-11-15 15:53:56,166 - Trying to use logger class org.apache.velocity.runtime.log.AvalonLogChute
2019-11-15 15:53:56,166 - Target log system for org.apache.velocity.runtime.log.AvalonLogChute is not available (java.lang.NoClassDefFoundError: org/apache/log/format/Formatter).  Falling back to next log system...
2019-11-15 15:53:56,166 - Trying to use logger class org.apache.velocity.runtime.log.Log4JLogChute
2019-11-15 15:53:56,166 - Using logger class org.apache.velocity.runtime.log.Log4JLogChute
2019-11-15 15:53:56,170 - ResourceLoader instantiated: org.apache.velocity.runtime.resource.loader.ClasspathResourceLoader
2019-11-15 15:53:56,199 - ResourceCache: initialized (class org.apache.velocity.runtime.resource.ResourceCacheImpl) with class java.util.Collections$SynchronizedMap cache map.
2019-11-15 15:53:56,202 - Loaded System Directive: org.apache.velocity.runtime.directive.Stop
2019-11-15 15:53:56,204 - Loaded System Directive: org.apache.velocity.runtime.directive.Define
2019-11-15 15:53:56,205 - Loaded System Directive: org.apache.velocity.runtime.directive.Break
2019-11-15 15:53:56,206 - Loaded System Directive: org.apache.velocity.runtime.directive.Evaluate
2019-11-15 15:53:56,207 - Loaded System Directive: org.apache.velocity.runtime.directive.Literal
2019-11-15 15:53:56,208 - Loaded System Directive: org.apache.velocity.runtime.directive.Macro
2019-11-15 15:53:56,210 - Loaded System Directive: org.apache.velocity.runtime.directive.Parse
2019-11-15 15:53:56,213 - Loaded System Directive: org.apache.velocity.runtime.directive.Include
2019-11-15 15:53:56,214 - Loaded System Directive: org.apache.velocity.runtime.directive.Foreach
2019-11-15 15:53:56,258 - Created '20' parsers.
2019-11-15 15:53:56,266 - Velocimacro : "velocimacro.library" is not set.  Trying default library: VM_global_library.vm
2019-11-15 15:53:56,267 - Could not load resource 'VM_global_library.vm' from ResourceLoader org.apache.velocity.runtime.resource.loader.ClasspathResourceLoader: ClasspathResourceLoader Error: cannot find resource VM_global_library.vm
2019-11-15 15:53:56,267 - Velocimacro : Default library not found.
2019-11-15 15:53:56,268 - Velocimacro : allowInline = true : VMs can be defined inline in templates
2019-11-15 15:53:56,268 - Velocimacro : allowInlineToOverride = false : VMs defined inline may NOT replace previous VM definitions
2019-11-15 15:53:56,268 - Velocimacro : allowInlineLocal = false : VMs defined inline will be global in scope if allowed.
2019-11-15 15:53:56,268 - Velocimacro : autoload off : VM system will not automatically reload global library macros
2019-11-15 15:53:56,293 - ResourceManager : found templates/playchoice.vtl with loader org.apache.velocity.runtime.resource.loader.ClasspathResourceLoader
2019-11-15 15:53:56,296 - Null reference [template 'templates/playchoice.vtl', line 50, column 32] : $game.name cannot be resolved.
2019-11-15 15:53:56,296 - Null reference [template 'templates/playchoice.vtl', line 51, column 25] : $play.match cannot be resolved.
2019-11-15 15:53:56,296 - Null reference [template 'templates/playchoice.vtl', line 52, column 40] : $game.player.name cannot be resolved.
2019-11-15 15:54:06,089 - ResourceManager : found templates/playchoice.vtl with loader org.apache.velocity.runtime.resource.loader.ClasspathResourceLoader
2019-11-15 15:54:06,091 - Null reference [template 'templates/playchoice.vtl', line 50, column 32] : $game.name cannot be resolved.
2019-11-15 15:54:06,091 - Null reference [template 'templates/playchoice.vtl', line 51, column 25] : $play.match cannot be resolved.
2019-11-15 15:54:06,092 - Null reference [template 'templates/playchoice.vtl', line 52, column 40] : $game.player.name cannot be resolved.
2019-11-15 15:54:12,873 - Log4JLogChute initialized using file 'velocity.log'
2019-11-15 15:54:12,873 - Log4JLogChute initialized using file 'velocity.log'
2019-11-15 15:54:12,873 - Initializing Velocity, Calling init()...
2019-11-15 15:54:12,873 - Initializing Velocity, Calling init()...
2019-11-15 15:54:12,873 - Starting Apache Velocity v1.7 (compiled: 2010-11-19 12:14:37)
2019-11-15 15:54:12,873 - Starting Apache Velocity v1.7 (compiled: 2010-11-19 12:14:37)
2019-11-15 15:54:12,873 - Default Properties File: org/apache/velocity/runtime/defaults/velocity.properties
2019-11-15 15:54:12,873 - Default Properties File: org/apache/velocity/runtime/defaults/velocity.properties
2019-11-15 15:54:12,873 - Trying to use logger class org.apache.velocity.runtime.log.AvalonLogChute
2019-11-15 15:54:12,873 - Trying to use logger class org.apache.velocity.runtime.log.AvalonLogChute
2019-11-15 15:54:12,873 - Target log system for org.apache.velocity.runtime.log.AvalonLogChute is not available (java.lang.NoClassDefFoundError: org/apache/log/format/Formatter).  Falling back to next log system...
2019-11-15 15:54:12,873 - Target log system for org.apache.velocity.runtime.log.AvalonLogChute is not available (java.lang.NoClassDefFoundError: org/apache/log/format/Formatter).  Falling back to next log system...
2019-11-15 15:54:12,874 - Trying to use logger class org.apache.velocity.runtime.log.Log4JLogChute
2019-11-15 15:54:12,874 - Trying to use logger class org.apache.velocity.runtime.log.Log4JLogChute
2019-11-15 15:54:12,874 - Using logger class org.apache.velocity.runtime.log.Log4JLogChute
2019-11-15 15:54:12,874 - Using logger class org.apache.velocity.runtime.log.Log4JLogChute
2019-11-15 15:54:12,874 - ResourceLoader instantiated: org.apache.velocity.runtime.resource.loader.ClasspathResourceLoader
2019-11-15 15:54:12,874 - ResourceLoader instantiated: org.apache.velocity.runtime.resource.loader.ClasspathResourceLoader
2019-11-15 15:54:12,874 - ResourceCache: initialized (class org.apache.velocity.runtime.resource.ResourceCacheImpl) with class java.util.Collections$SynchronizedMap cache map.
2019-11-15 15:54:12,874 - ResourceCache: initialized (class org.apache.velocity.runtime.resource.ResourceCacheImpl) with class java.util.Collections$SynchronizedMap cache map.
2019-11-15 15:54:12,875 - Loaded System Directive: org.apache.velocity.runtime.directive.Stop
2019-11-15 15:54:12,875 - Loaded System Directive: org.apache.velocity.runtime.directive.Stop
2019-11-15 15:54:12,875 - Loaded System Directive: org.apache.velocity.runtime.directive.Define
2019-11-15 15:54:12,875 - Loaded System Directive: org.apache.velocity.runtime.directive.Define
2019-11-15 15:54:12,875 - Loaded System Directive: org.apache.velocity.runtime.directive.Break
2019-11-15 15:54:12,875 - Loaded System Directive: org.apache.velocity.runtime.directive.Break
2019-11-15 15:54:12,875 - Loaded System Directive: org.apache.velocity.runtime.directive.Evaluate
2019-11-15 15:54:12,875 - Loaded System Directive: org.apache.velocity.runtime.directive.Evaluate
2019-11-15 15:54:12,875 - Loaded System Directive: org.apache.velocity.runtime.directive.Literal
2019-11-15 15:54:12,875 - Loaded System Directive: org.apache.velocity.runtime.directive.Literal
2019-11-15 15:54:12,875 - Loaded System Directive: org.apache.velocity.runtime.directive.Macro
2019-11-15 15:54:12,875 - Loaded System Directive: org.apache.velocity.runtime.directive.Macro
2019-11-15 15:54:12,875 - Loaded System Directive: org.apache.velocity.runtime.directive.Parse
2019-11-15 15:54:12,875 - Loaded System Directive: org.apache.velocity.runtime.directive.Parse
2019-11-15 15:54:12,875 - Loaded System Directive: org.apache.velocity.runtime.directive.Include
2019-11-15 15:54:12,875 - Loaded System Directive: org.apache.velocity.runtime.directive.Include
2019-11-15 15:54:12,875 - Loaded System Directive: org.apache.velocity.runtime.directive.Foreach
2019-11-15 15:54:12,875 - Loaded System Directive: org.apache.velocity.runtime.directive.Foreach
2019-11-15 15:54:12,878 - Created '20' parsers.
2019-11-15 15:54:12,878 - Created '20' parsers.
2019-11-15 15:54:12,878 - Velocimacro : "velocimacro.library" is not set.  Trying default library: VM_global_library.vm
2019-11-15 15:54:12,878 - Velocimacro : "velocimacro.library" is not set.  Trying default library: VM_global_library.vm
2019-11-15 15:54:12,878 - Could not load resource 'VM_global_library.vm' from ResourceLoader org.apache.velocity.runtime.resource.loader.ClasspathResourceLoader: ClasspathResourceLoader Error: cannot find resource VM_global_library.vm
2019-11-15 15:54:12,878 - Could not load resource 'VM_global_library.vm' from ResourceLoader org.apache.velocity.runtime.resource.loader.ClasspathResourceLoader: ClasspathResourceLoader Error: cannot find resource VM_global_library.vm
2019-11-15 15:54:12,878 - Velocimacro : Default library not found.
2019-11-15 15:54:12,878 - Velocimacro : Default library not found.
2019-11-15 15:54:12,878 - Velocimacro : allowInline = true : VMs can be defined inline in templates
2019-11-15 15:54:12,878 - Velocimacro : allowInline = true : VMs can be defined inline in templates
2019-11-15 15:54:12,878 - Velocimacro : allowInlineToOverride = false : VMs defined inline may NOT replace previous VM definitions
2019-11-15 15:54:12,878 - Velocimacro : allowInlineToOverride = false : VMs defined inline may NOT replace previous VM definitions
2019-11-15 15:54:12,878 - Velocimacro : allowInlineLocal = false : VMs defined inline will be global in scope if allowed.
2019-11-15 15:54:12,878 - Velocimacro : allowInlineLocal = false : VMs defined inline will be global in scope if allowed.
2019-11-15 15:54:12,878 - Velocimacro : autoload off : VM system will not automatically reload global library macros
2019-11-15 15:54:12,878 - Velocimacro : autoload off : VM system will not automatically reload global library macros
2019-11-15 15:54:12,881 - ResourceManager : found templates/end.vtl with loader org.apache.velocity.runtime.resource.loader.ClasspathResourceLoader
2019-11-15 15:54:12,881 - ResourceManager : found templates/end.vtl with loader org.apache.velocity.runtime.resource.loader.ClasspathResourceLoader
2019-11-15 15:54:12,881 - Null reference [template 'templates/end.vtl', line 31, column 33] : $game.player.name cannot be resolved.
2019-11-15 15:54:12,881 - Null reference [template 'templates/end.vtl', line 31, column 33] : $game.player.name cannot be resolved.
